build/app/intermediates/manifest_merge_blame_file/debug/manifest-merger-blame-debug-report.txt
1<?xml version="1.0" encoding="utf-8"?>
2<manifest xmlns:android="http://schemas.android.com/apk/res/android"
3    package="com.example.socialmedia"
4    android:versionCode="1"
5    android:versionName="1.0.0" >
6
7    <uses-sdk
8        android:minSdkVersion="19"
9        android:targetSdkVersion="33" />
10    <!--
11         Flutter needs it to communicate with the running application
12         to allow setting breakpoints, to provide hot reload, etc.
13    -->
14    <uses-permission android:name="android.permission.INTERNET" />
14-->src/debug/AndroidManifest.xml:6:5-66
14-->src/debug/AndroidManifest.xml:6:22-64
15    <uses-permission android:name="android.permission.ACCESS_NETWORK_STATE" />
15-->[com.google.firebase:firebase-auth:21.1.0] AndroidManifest.xml:24:5-79
15-->[com.google.firebase:firebase-auth:21.1.0] AndroidManifest.xml:24:22-76
16
17    <permission
17-->[androidx.core:core:1.9.0] AndroidManifest.xml:22:5-24:47
18        android:name="com.example.socialmedia.DYNAMIC_RECEIVER_NOT_EXPORTED_PERMISSION"
18-->[androidx.core:core:1.9.0] AndroidManifest.xml:23:9-81
19        android:protectionLevel="signature" />
19-->[androidx.core:core:1.9.0] AndroidManifest.xml:24:9-44
20
21    <uses-permission android:name="com.example.socialmedia.DYNAMIC_RECEIVER_NOT_EXPORTED_PERMISSION" />
21-->[androidx.core:core:1.9.0] AndroidManifest.xml:26:5-97
21-->[androidx.core:core:1.9.0] AndroidManifest.xml:26:22-94
22
23    <application
24        android:name="android.app.Application"
25        android:appComponentFactory="androidx.core.app.CoreComponentFactory"
25-->[androidx.core:core:1.9.0] AndroidManifest.xml:28:18-86
26        android:debuggable="true"
27        android:icon="@mipmap/ic_launcher"
28        android:label="Social" >
29        <activity
30            android:name="com.example.socialmedia.MainActivity"
31            android:configChanges="orientation|keyboardHidden|keyboard|screenSize|smallestScreenSize|locale|layoutDirection|fontScale|screenLayout|density|uiMode"
32            android:exported="true"
33            android:hardwareAccelerated="true"
34            android:launchMode="singleTop"
35            android:theme="@style/LaunchTheme"
36            android:windowSoftInputMode="adjustResize" >
37
38            <!--
39                 Specifies an Android theme to apply to this Activity as soon as
40                 the Android process has started. This theme is visible to the user
41                 while the Flutter UI initializes. After that, this theme continues
42                 to determine the Window background behind the Flutter UI.
43            -->
44            <meta-data
45                android:name="io.flutter.embedding.android.NormalTheme"
46                android:resource="@style/NormalTheme" />
47
48            <intent-filter>
49                <action android:name="android.intent.action.MAIN" />
50
51                <category android:name="android.intent.category.LAUNCHER" />
52            </intent-filter>
53        </activity>
54        <!--
55             Don't delete the meta-data below.
56             This is used by the Flutter tool to generate GeneratedPluginRegistrant.java
57        -->
58        <meta-data
59            android:name="flutterEmbedding"
60            android:value="2" />
61
62        <service
62-->[:firebase_auth] AndroidManifest.xml:8:9-12:19
63            android:name="com.google.firebase.components.ComponentDiscoveryService"
63-->[:firebase_auth] AndroidManifest.xml:8:18-89
64            android:directBootAware="true"
64-->[com.google.firebase:firebase-common:20.3.0] AndroidManifest.xml:34:13-43
65            android:exported="false" >
65-->[com.google.firebase:firebase-auth:21.1.0] AndroidManifest.xml:66:13-37
66            <meta-data
66-->[:firebase_auth] AndroidManifest.xml:9:13-11:85
67                android:name="com.google.firebase.components:io.flutter.plugins.firebase.auth.FlutterFirebaseAuthRegistrar"
67-->[:firebase_auth] AndroidManifest.xml:10:17-124
68                android:value="com.google.firebase.components.ComponentRegistrar" />
68-->[:firebase_auth] AndroidManifest.xml:11:17-82
69            <meta-data
69-->[:firebase_storage] AndroidManifest.xml:9:13-11:85
70                android:name="com.google.firebase.components:io.flutter.plugins.firebase.storage.FlutterFirebaseAppRegistrar"
70-->[:firebase_storage] AndroidManifest.xml:10:17-126
71                android:value="com.google.firebase.components.ComponentRegistrar" />
71-->[:firebase_storage] AndroidManifest.xml:11:17-82
72            <meta-data
72-->[:cloud_firestore] AndroidManifest.xml:9:13-11:85
73                android:name="com.google.firebase.components:io.flutter.plugins.firebase.firestore.FlutterFirebaseFirestoreRegistrar"
73-->[:cloud_firestore] AndroidManifest.xml:10:17-134
74                android:value="com.google.firebase.components.ComponentRegistrar" />
74-->[:cloud_firestore] AndroidManifest.xml:11:17-82
75            <meta-data
75-->[:firebase_core] AndroidManifest.xml:9:13-11:85
76                android:name="com.google.firebase.components:io.flutter.plugins.firebase.core.FlutterFirebaseCoreRegistrar"
76-->[:firebase_core] AndroidManifest.xml:10:17-124
77                android:value="com.google.firebase.components.ComponentRegistrar" />
77-->[:firebase_core] AndroidManifest.xml:11:17-82
78            <meta-data
78-->[com.google.firebase:firebase-auth:21.1.0] AndroidManifest.xml:67:13-69:85
79                android:name="com.google.firebase.components:com.google.firebase.auth.FirebaseAuthRegistrar"
79-->[com.google.firebase:firebase-auth:21.1.0] AndroidManifest.xml:68:17-109
80                android:value="com.google.firebase.components.ComponentRegistrar" />
80-->[com.google.firebase:firebase-auth:21.1.0] AndroidManifest.xml:69:17-82
81            <meta-data
81-->[com.google.firebase:firebase-firestore:24.4.3] AndroidManifest.xml:19:13-21:85
82                android:name="com.google.firebase.components:com.google.firebase.firestore.FirestoreRegistrar"
82-->[com.google.firebase:firebase-firestore:24.4.3] AndroidManifest.xml:20:17-111
83                android:value="com.google.firebase.components.ComponentRegistrar" />
83-->[com.google.firebase:firebase-firestore:24.4.3] AndroidManifest.xml:21:17-82
84            <meta-data
84-->[com.google.firebase:firebase-storage:20.1.0] AndroidManifest.xml:32:13-34:85
85                android:name="com.google.firebase.components:com.google.firebase.storage.StorageRegistrar"
85-->[com.google.firebase:firebase-storage:20.1.0] AndroidManifest.xml:33:17-107
86                android:value="com.google.firebase.components.ComponentRegistrar" />
86-->[com.google.firebase:firebase-storage:20.1.0] AndroidManifest.xml:34:17-82
87        </service>
88
89        <provider
89-->[:image_picker_android] AndroidManifest.xml:8:9-16:20
90            android:name="io.flutter.plugins.imagepicker.ImagePickerFileProvider"
90-->[:image_picker_android] AndroidManifest.xml:9:13-82
91            android:authorities="com.example.socialmedia.flutter.image_provider"
91-->[:image_picker_android] AndroidManifest.xml:10:13-74
92            android:exported="false"
92-->[:image_picker_android] AndroidManifest.xml:11:13-37
93            android:grantUriPermissions="true" >
93-->[:image_picker_android] AndroidManifest.xml:12:13-47
94            <meta-data
94-->[:image_picker_android] AndroidManifest.xml:13:13-15:75
95                android:name="android.support.FILE_PROVIDER_PATHS"
95-->[:image_picker_android] AndroidManifest.xml:14:17-67
96                android:resource="@xml/flutter_image_picker_file_paths" />
96-->[:image_picker_android] AndroidManifest.xml:15:17-72
97        </provider>
98
99        <activity
99-->[com.google.firebase:firebase-auth:21.1.0] AndroidManifest.xml:27:9-44:20
100            android:name="com.google.firebase.auth.internal.GenericIdpActivity"
100-->[com.google.firebase:firebase-auth:21.1.0] AndroidManifest.xml:28:13-80
101            android:excludeFromRecents="true"
101-->[com.google.firebase:firebase-auth:21.1.0] AndroidManifest.xml:29:13-46
102            android:exported="true"
102-->[com.google.firebase:firebase-auth:21.1.0] AndroidManifest.xml:30:13-36
103            android:launchMode="singleTask"
103-->[com.google.firebase:firebase-auth:21.1.0] AndroidManifest.xml:31:13-44
104            android:theme="@android:style/Theme.Translucent.NoTitleBar" >
104-->[com.google.firebase:firebase-auth:21.1.0] AndroidManifest.xml:32:13-72
105            <intent-filter>
105-->[com.google.firebase:firebase-auth:21.1.0] AndroidManifest.xml:33:13-43:29
106                <action android:name="android.intent.action.VIEW" />
106-->[com.google.firebase:firebase-auth:21.1.0] AndroidManifest.xml:34:17-69
106-->[com.google.firebase:firebase-auth:21.1.0] AndroidManifest.xml:34:25-66
107
108                <category android:name="android.intent.category.DEFAULT" />
108-->[com.google.firebase:firebase-auth:21.1.0] AndroidManifest.xml:36:17-76
108-->[com.google.firebase:firebase-auth:21.1.0] AndroidManifest.xml:36:27-73
109                <category android:name="android.intent.category.BROWSABLE" />
109-->[com.google.firebase:firebase-auth:21.1.0] AndroidManifest.xml:37:17-78
109-->[com.google.firebase:firebase-auth:21.1.0] AndroidManifest.xml:37:27-75
110
111                <data
111-->[com.google.firebase:firebase-auth:21.1.0] AndroidManifest.xml:39:17-42:51
112                    android:host="firebase.auth"
112-->[com.google.firebase:firebase-auth:21.1.0] AndroidManifest.xml:40:21-49
113                    android:path="/"
113-->[com.google.firebase:firebase-auth:21.1.0] AndroidManifest.xml:41:21-37
114                    android:scheme="genericidp" />
114-->[com.google.firebase:firebase-auth:21.1.0] AndroidManifest.xml:42:21-48
115            </intent-filter>
116        </activity>
117        <activity
117-->[com.google.firebase:firebase-auth:21.1.0] AndroidManifest.xml:45:9-62:20
118            android:name="com.google.firebase.auth.internal.RecaptchaActivity"
118-->[com.google.firebase:firebase-auth:21.1.0] AndroidManifest.xml:46:13-79
119            android:excludeFromRecents="true"
119-->[com.google.firebase:firebase-auth:21.1.0] AndroidManifest.xml:47:13-46
120            android:exported="true"
120-->[com.google.firebase:firebase-auth:21.1.0] AndroidManifest.xml:48:13-36
121            android:launchMode="singleTask"
121-->[com.google.firebase:firebase-auth:21.1.0] AndroidManifest.xml:49:13-44
122            android:theme="@android:style/Theme.Translucent.NoTitleBar" >
122-->[com.google.firebase:firebase-auth:21.1.0] AndroidManifest.xml:50:13-72
123            <intent-filter>
123-->[com.google.firebase:firebase-auth:21.1.0] AndroidManifest.xml:51:13-61:29
124                <action android:name="android.intent.action.VIEW" />
124-->[com.google.firebase:firebase-auth:21.1.0] AndroidManifest.xml:34:17-69
124-->[com.google.firebase:firebase-auth:21.1.0] AndroidManifest.xml:34:25-66
125
126                <category android:name="android.intent.category.DEFAULT" />
126-->[com.google.firebase:firebase-auth:21.1.0] AndroidManifest.xml:36:17-76
126-->[com.google.firebase:firebase-auth:21.1.0] AndroidManifest.xml:36:27-73
127                <category android:name="android.intent.category.BROWSABLE" />
127-->[com.google.firebase:firebase-auth:21.1.0] AndroidManifest.xml:37:17-78
127-->[com.google.firebase:firebase-auth:21.1.0] AndroidManifest.xml:37:27-75
128
129                <data
129-->[com.google.firebase:firebase-auth:21.1.0] AndroidManifest.xml:39:17-42:51
130                    android:host="firebase.auth"
130-->[com.google.firebase:firebase-auth:21.1.0] AndroidManifest.xml:40:21-49
131                    android:path="/"
131-->[com.google.firebase:firebase-auth:21.1.0] AndroidManifest.xml:41:21-37
132                    android:scheme="recaptcha" />
132-->[com.google.firebase:firebase-auth:21.1.0] AndroidManifest.xml:42:21-48
133            </intent-filter>
134        </activity>
135
136        <provider
136-->[com.google.firebase:firebase-common:20.3.0] AndroidManifest.xml:25:9-30:39
137            android:name="com.google.firebase.provider.FirebaseInitProvider"
137-->[com.google.firebase:firebase-common:20.3.0] AndroidManifest.xml:26:13-77
138            android:authorities="com.example.socialmedia.firebaseinitprovider"
138-->[com.google.firebase:firebase-common:20.3.0] AndroidManifest.xml:27:13-72
139            android:directBootAware="true"
139-->[com.google.firebase:firebase-common:20.3.0] AndroidManifest.xml:28:13-43
140            android:exported="false"
140-->[com.google.firebase:firebase-common:20.3.0] AndroidManifest.xml:29:13-37
141            android:initOrder="100" />
141-->[com.google.firebase:firebase-common:20.3.0] AndroidManifest.xml:30:13-36
142
143        <activity
143-->[com.google.android.gms:play-services-base:18.0.1] AndroidManifest.xml:20:9-22:45
144            android:name="com.google.android.gms.common.api.GoogleApiActivity"
144-->[com.google.android.gms:play-services-base:18.0.1] AndroidManifest.xml:20:19-85
145            android:exported="false"
145-->[com.google.android.gms:play-services-base:18.0.1] AndroidManifest.xml:22:19-43
146            android:theme="@android:style/Theme.Translucent.NoTitleBar" />
146-->[com.google.android.gms:play-services-base:18.0.1] AndroidManifest.xml:21:19-78
147
148        <meta-data
148-->[com.google.android.gms:play-services-basement:18.1.0] AndroidManifest.xml:21:9-23:69
149            android:name="com.google.android.gms.version"
149-->[com.google.android.gms:play-services-basement:18.1.0] AndroidManifest.xml:22:13-58
150            android:value="@integer/google_play_services_version" />
150-->[com.google.android.gms:play-services-basement:18.1.0] AndroidManifest.xml:23:13-66
151
152        <uses-library
152-->[androidx.window:window:1.0.0-beta04] AndroidManifest.xml:25:9-27:40
153            android:name="androidx.window.extensions"
153-->[androidx.window:window:1.0.0-beta04] AndroidManifest.xml:26:13-54
154            android:required="false" />
154-->[androidx.window:window:1.0.0-beta04] AndroidManifest.xml:27:13-37
155        <uses-library
155-->[androidx.window:window:1.0.0-beta04] AndroidManifest.xml:28:9-30:40
156            android:name="androidx.window.sidecar"
156-->[androidx.window:window:1.0.0-beta04] AndroidManifest.xml:29:13-51
157            android:required="false" />
157-->[androidx.window:window:1.0.0-beta04] AndroidManifest.xml:30:13-37
158    </application>
159
160</manifest>